<?xml version="1.0" encoding="UTF-8"?>
<testsuite xmlns:xsi="http://www.w3.org/2001/XMLSchema-instance" xsi:noNamespaceSchemaLocation="https://maven.apache.org/surefire/maven-surefire-plugin/xsd/surefire-test-report-3.0.xsd" version="3.0" name="com.java.silentneighbor.SilentneighborApplicationTests" time="2.396" tests="1" errors="0" skipped="0" failures="0">
  <properties>
[...]
</properties>
  <testcase name="contextLoads" classname="com.java.silentneighbor.SilentneighborApplicationTests" time="0.563">
    <system-out><![CDATA[16:25:05.706 [main] INFO org.springframework.test.context.support.AnnotationConfigContextLoaderUtils -- Could not detect default configuration classes for test class [com.java.silentneighbor.SilentneighborApplicationTests]: SilentneighborApplicationTests does not declare any static, non-private, non-final, nested classes annotated with @Configuration.
16:25:05.778 [main] INFO org.springframework.boot.test.context.SpringBootTestContextBootstrapper -- Found @SpringBootConfiguration com.java.silentneighbor.SilentneighborApplication for test class com.java.silentneighbor.SilentneighborApplicationTests
16:25:05.897 [main] INFO org.springframework.boot.devtools.restart.RestartApplicationListener -- Restart disabled due to context in which it is running

  .   ____          _            __ _ _
 /\\ / ___'_ __ _ _(_)_ __  __ _ \ \ \ \
( ( )\___ | '_ | '_| | '_ \/ _` | \ \ \ \
 \\/  ___)| |_)| | | | | || (_| |  ) ) ) )
  '  |____| .__|_| |_|_| |_\__, | / / / /
 =========|_|==============|___/=/_/_/_/
 :: Spring Boot ::                (v3.2.2)

2024-02-18T16:25:06.079-06:00  INFO 24980 --- [           main] c.j.s.SilentneighborApplicationTests     : Starting SilentneighborApplicationTests using Java 17.0.8 with PID 24980 (started by Mustafa Nofal in D:\coding\projects\backend\java\silentneighbor)
2024-02-18T16:25:06.081-06:00  INFO 24980 --- [           main] c.j.s.SilentneighborApplicationTests     : No active profile set, falling back to 1 default profile: "default"
2024-02-18T16:25:06.466-06:00  INFO 24980 --- [           main] .s.d.r.c.RepositoryConfigurationDelegate : Bootstrapping Spring Data MongoDB repositories in DEFAULT mode.
2024-02-18T16:25:06.501-06:00  INFO 24980 --- [           main] .s.d.r.c.RepositoryConfigurationDelegate : Finished Spring Data repository scanning in 32 ms. Found 1 MongoDB repository interface.
2024-02-18T16:25:07.127-06:00  INFO 24980 --- [gyg.mongodb.net] org.mongodb.driver.cluster               : Adding discovered server ac-p4lz2pq-shard-00-02.cgrngyg.mongodb.net:27017 to client view of cluster
2024-02-18T16:25:07.162-06:00  INFO 24980 --- [           main] org.mongodb.driver.client                : MongoClient with metadata {"driver": {"name": "mongo-java-driver|sync|spring-boot", "version": "4.11.1"}, "os": {"type": "Windows", "name": "Windows 11", "architecture": "amd64", "version": "10.0"}, "platform": "Java/Oracle Corporation/17.0.8+9-LTS-211"} created with settings MongoClientSettings{readPreference=primary, writeConcern=WriteConcern{w=null, wTimeout=null ms, journal=null}, retryWrites=true, retryReads=true, readConcern=ReadConcern{level=null}, credential=MongoCredential{mechanism=null, userName='neighbor', source='admin', password=<hidden>, mechanismProperties=<hidden>}, transportSettings=null, streamFactoryFactory=null, commandListeners=[], codecRegistry=ProvidersCodecRegistry{codecProviders=[ValueCodecProvider{}, BsonValueCodecProvider{}, DBRefCodecProvider{}, DBObjectCodecProvider{}, DocumentCodecProvider{}, CollectionCodecProvider{}, IterableCodecProvider{}, MapCodecProvider{}, GeoJsonCodecProvider{}, GridFSFileCodecProvider{}, Jsr310CodecProvider{}, JsonObjectCodecProvider{}, BsonCodecProvider{}, EnumCodecProvider{}, com.mongodb.client.model.mql.ExpressionCodecProvider@7d9c45ee, com.mongodb.Jep395RecordCodecProvider@31da0434, com.mongodb.KotlinCodecProvider@6e24ce51]}, loggerSettings=LoggerSettings{maxDocumentLength=1000}, clusterSettings={hosts=[127.0.0.1:27017], srvHost=cluster0.cgrngyg.mongodb.net, srvServiceName=mongodb, mode=MULTIPLE, requiredClusterType=REPLICA_SET, requiredReplicaSetName='atlas-ko5zc0-shard-0', serverSelector='null', clusterListeners='[]', serverSelectionTimeout='30000 ms', localThreshold='15 ms'}, socketSettings=SocketSettings{connectTimeoutMS=10000, readTimeoutMS=0, receiveBufferSize=0, proxySettings=ProxySettings{host=null, port=null, username=null, password=null}}, heartbeatSocketSettings=SocketSettings{connectTimeoutMS=10000, readTimeoutMS=10000, receiveBufferSize=0, proxySettings=ProxySettings{host=null, port=null, username=null, password=null}}, connectionPoolSettings=ConnectionPoolSettings{maxSize=100, minSize=0, maxWaitTimeMS=120000, maxConnectionLifeTimeMS=0, maxConnectionIdleTimeMS=0, maintenanceInitialDelayMS=0, maintenanceFrequencyMS=60000, connectionPoolListeners=[], maxConnecting=2}, serverSettings=ServerSettings{heartbeatFrequencyMS=10000, minHeartbeatFrequencyMS=500, serverListeners='[]', serverMonitorListeners='[]'}, sslSettings=SslSettings{enabled=true, invalidHostNameAllowed=false, context=null}, applicationName='null', compressorList=[], uuidRepresentation=JAVA_LEGACY, serverApi=null, autoEncryptionSettings=null, dnsClient=null, inetAddressResolver=null, contextProvider=null}
2024-02-18T16:25:07.171-06:00  INFO 24980 --- [gyg.mongodb.net] org.mongodb.driver.cluster               : Adding discovered server ac-p4lz2pq-shard-00-01.cgrngyg.mongodb.net:27017 to client view of cluster
2024-02-18T16:25:07.173-06:00  INFO 24980 --- [gyg.mongodb.net] org.mongodb.driver.cluster               : Adding discovered server ac-p4lz2pq-shard-00-00.cgrngyg.mongodb.net:27017 to client view of cluster
2024-02-18T16:25:07.412-06:00  INFO 24980 --- [           main] c.j.s.SilentneighborApplicationTests     : Started SilentneighborApplicationTests in 1.524 seconds (process running for 2.25)
2024-02-18T16:25:07.535-06:00  INFO 24980 --- [ngodb.net:27017] org.mongodb.driver.cluster               : Monitor thread successfully connected to server with description ServerDescription{address=ac-p4lz2pq-shard-00-02.cgrngyg.mongodb.net:27017, type=REPLICA_SET_SECONDARY, state=CONNECTED, ok=true, minWireVersion=0, maxWireVersion=17, maxDocumentSize=16777216, logicalSessionTimeoutMinutes=30, roundTripTimeNanos=222230900, setName='atlas-ko5zc0-shard-0', canonicalAddress=ac-p4lz2pq-shard-00-02.cgrngyg.mongodb.net:27017, hosts=[ac-p4lz2pq-shard-00-00.cgrngyg.mongodb.net:27017, ac-p4lz2pq-shard-00-01.cgrngyg.mongodb.net:27017, ac-p4lz2pq-shard-00-02.cgrngyg.mongodb.net:27017], passives=[], arbiters=[], primary='ac-p4lz2pq-shard-00-01.cgrngyg.mongodb.net:27017', tagSet=TagSet{[Tag{name='availabilityZone', value='use1-az6'}, Tag{name='diskState', value='READY'}, Tag{name='nodeType', value='ELECTABLE'}, Tag{name='provider', value='AWS'}, Tag{name='region', value='US_EAST_1'}, Tag{name='workloadType', value='OPERATIONAL'}]}, electionId=null, setVersion=13, topologyVersion=TopologyVersion{processId=65ce583be05b57bcef26683a, counter=3}, lastWriteDate=Sun Feb 18 16:25:07 CST 2024, lastUpdateTimeNanos=151925755979700}
2024-02-18T16:25:07.535-06:00  INFO 24980 --- [ngodb.net:27017] org.mongodb.driver.cluster               : Monitor thread successfully connected to server with description ServerDescription{address=ac-p4lz2pq-shard-00-00.cgrngyg.mongodb.net:27017, type=REPLICA_SET_SECONDARY, state=CONNECTED, ok=true, minWireVersion=0, maxWireVersion=17, maxDocumentSize=16777216, logicalSessionTimeoutMinutes=30, roundTripTimeNanos=223758900, setName='atlas-ko5zc0-shard-0', canonicalAddress=ac-p4lz2pq-shard-00-00.cgrngyg.mongodb.net:27017, hosts=[ac-p4lz2pq-shard-00-00.cgrngyg.mongodb.net:27017, ac-p4lz2pq-shard-00-01.cgrngyg.mongodb.net:27017, ac-p4lz2pq-shard-00-02.cgrngyg.mongodb.net:27017], passives=[], arbiters=[], primary='ac-p4lz2pq-shard-00-01.cgrngyg.mongodb.net:27017', tagSet=TagSet{[Tag{name='availabilityZone', value='use1-az2'}, Tag{name='diskState', value='READY'}, Tag{name='nodeType', value='ELECTABLE'}, Tag{name='provider', value='AWS'}, Tag{name='region', value='US_EAST_1'}, Tag{name='workloadType', value='OPERATIONAL'}]}, electionId=null, setVersion=13, topologyVersion=TopologyVersion{processId=65ce53bd525bc542e76d84c4, counter=4}, lastWriteDate=Sun Feb 18 16:25:07 CST 2024, lastUpdateTimeNanos=151925755979700}
2024-02-18T16:25:07.535-06:00  INFO 24980 --- [ngodb.net:27017] org.mongodb.driver.cluster               : Monitor thread successfully connected to server with description ServerDescription{address=ac-p4lz2pq-shard-00-01.cgrngyg.mongodb.net:27017, type=REPLICA_SET_PRIMARY, state=CONNECTED, ok=true, minWireVersion=0, maxWireVersion=17, maxDocumentSize=16777216, logicalSessionTimeoutMinutes=30, roundTripTimeNanos=223179700, setName='atlas-ko5zc0-shard-0', canonicalAddress=ac-p4lz2pq-shard-00-01.cgrngyg.mongodb.net:27017, hosts=[ac-p4lz2pq-shard-00-00.cgrngyg.mongodb.net:27017, ac-p4lz2pq-shard-00-01.cgrngyg.mongodb.net:27017, ac-p4lz2pq-shard-00-02.cgrngyg.mongodb.net:27017], passives=[], arbiters=[], primary='ac-p4lz2pq-shard-00-01.cgrngyg.mongodb.net:27017', tagSet=TagSet{[Tag{name='availabilityZone', value='use1-az4'}, Tag{name='diskState', value='READY'}, Tag{name='nodeType', value='ELECTABLE'}, Tag{name='provider', value='AWS'}, Tag{name='region', value='US_EAST_1'}, Tag{name='workloadType', value='OPERATIONAL'}]}, electionId=7fffffff00000000000001be, setVersion=13, topologyVersion=TopologyVersion{processId=65ce55bf5666ab49538a47a2, counter=6}, lastWriteDate=Sun Feb 18 16:25:07 CST 2024, lastUpdateTimeNanos=151925755979700}
2024-02-18T16:25:07.538-06:00  INFO 24980 --- [ngodb.net:27017] org.mongodb.driver.cluster               : Discovered replica set primary ac-p4lz2pq-shard-00-01.cgrngyg.mongodb.net:27017 with max election id 7fffffff00000000000001be and max set version 13
]]></system-out>
  </testcase>
</testsuite>